<?xml version="1.0" encoding="UTF-8"?>
<!-- Generated by org.testng.reporters.JUnitReportReporter -->
<testsuite skipped="0" hostname="LAPTOP-GQ6CG3TU" name="org.example.TestSuit" tests="4" failures="0" timestamp="2022-01-15T22:00:11 GMT" time="99.541" errors="0">
  <testcase name="verifyRegisterUserShouldBeAbleToReferProduct" time="32.323" classname="org.example.TestSuit"/>
  <system-out/>
  <testcase name="verifyUserShouldBeAbleToRegisterSuccessfully" time="17.117" classname="org.example.TestSuit"/>
  <system-out/>
  <testcase name="verifyUserShouldBeAbleToNewsCommentSuccessfullyAdd" time="14.761" classname="org.example.TestSuit"/>
  <system-out/>
  <testcase name="verifyUserVisibleToNavigateDesktopPage" time="35.340" classname="org.example.TestSuit"/>
  <system-out/>
</testsuite> <!-- org.example.TestSuit -->
